\BOOKMARK [0][-]{chapter.1}{Introduction}{}% 1
\BOOKMARK [0][-]{chapter.2}{Probability Theory}{}% 2
\BOOKMARK [1][-]{section.2.1}{Probability Spaces}{chapter.2}% 3
\BOOKMARK [1][-]{section.2.2}{Distribution and Density of a Random Variable}{chapter.2}% 4
\BOOKMARK [1][-]{section.2.3}{Expected Value and Variance}{chapter.2}% 5
\BOOKMARK [1][-]{section.2.4}{Stochastic Processes}{chapter.2}% 6
\BOOKMARK [1][-]{section.2.5}{Brownian Motion}{chapter.2}% 7
\BOOKMARK [1][-]{section.2.6}{Riemann-Stieltjes Integral}{chapter.2}% 8
\BOOKMARK [1][-]{section.2.7}{Modes of Convergence}{chapter.2}% 9
\BOOKMARK [0][-]{chapter.3}{Stochastic Integrals}{}% 10
\BOOKMARK [1][-]{section.3.1}{Formalizing the `noise'}{chapter.3}% 11
\BOOKMARK [1][-]{section.3.2}{Preparing the Terrain}{chapter.3}% 12
\BOOKMARK [1][-]{section.3.3}{Constructing the It\364 Integral}{chapter.3}% 13
\BOOKMARK [1][-]{section.3.4}{Properties}{chapter.3}% 14
\BOOKMARK [1][-]{section.3.5}{Extensions}{chapter.3}% 15
\BOOKMARK [1][-]{section.3.6}{Stratonovich integral}{chapter.3}% 16
\BOOKMARK [0][-]{appendix.A}{Measure Theory}{}% 17
\BOOKMARK [1][-]{section.A.1}{Measurable Spaces}{appendix.A}% 18
\BOOKMARK [1][-]{section.A.2}{Measures}{appendix.A}% 19
\BOOKMARK [1][-]{section.A.3}{Measurable Functions}{appendix.A}% 20
\BOOKMARK [1][-]{section.A.4}{Integration}{appendix.A}% 21
\BOOKMARK [1][-]{section.A.5}{Product Spaces}{appendix.A}% 22
\BOOKMARK [1][-]{section.A.6}{The Monotone Class Lemma}{appendix.A}% 23
\BOOKMARK [1][-]{section.A.7}{Modes of Convergence}{appendix.A}% 24
\BOOKMARK [1][-]{section.A.8}{Conditional Expectation}{appendix.A}% 25
\BOOKMARK [0][-]{appendix*.2}{References}{}% 26
